<?xml version="1.0" encoding="UTF-8"?>
<TestRun id="b49449cb-69dc-47f2-92d7-28a82cdf4ef6" name="60003655@ARKMF68378 2021-07-21T15:01:04.713Z" runUser="60003655" xmlns="http://microsoft.com/schemas/VisualStudio/TeamTest/2010">
  <TestSettings name="Jest test run" id="6f0e0c88-194a-46f6-845c-fac570aad2d3"/>
  <Times creation="2021-07-21T15:01:04.713Z" queuing="2021-07-21T15:01:04.713Z" start="2021-07-21T15:01:04.713Z" finish="2021-07-21T15:01:04.713Z"/>
  <ResultSummary outcome="Passed">
    <Counters total="1" executed="1" passed="1" failed="0" error="0"/>
  </ResultSummary>
  <TestDefinitions>
    <UnitTest name="Teste / 01_Teste" id="835d88ec-02df-41e6-919a-afa2150f445e">
      <Execution id="a4d167c0-e948-4937-bfae-42361899ada0"/>
      <TestMethod codeBase="Jest_Teste / 01_Teste" name="Teste / 01_Teste" className="Teste"/>
    </UnitTest>
  </TestDefinitions>
  <TestLists>
    <TestList name="Results Not in a List" id="8c84fa94-04c1-424b-9868-57a2d4851a1d"/>
    <TestList name="All Loaded Results" id="19431567-8539-422a-85d7-44ee4e166bda"/>
  </TestLists>
  <TestEntries>
    <TestEntry testId="835d88ec-02df-41e6-919a-afa2150f445e" executionId="a4d167c0-e948-4937-bfae-42361899ada0" testListId="8c84fa94-04c1-424b-9868-57a2d4851a1d"/>
  </TestEntries>
  <Results>
    <UnitTestResult testId="835d88ec-02df-41e6-919a-afa2150f445e" executionId="a4d167c0-e948-4937-bfae-42361899ada0" testName="Teste / 01_Teste" computerName="ARKMF68378" duration="00:00:06.475" startTime="2021-07-21T15:01:06.781Z" endTime="2021-07-21T15:01:13.256Z" testType="13cdc9d9-ddb5-4fa4-a97d-d965ccfc6d4b" outcome="Passed" testListId="8c84fa94-04c1-424b-9868-57a2d4851a1d"/>
  </Results>
</TestRun>