<?xml version="1.0" encoding="UTF-8"?>
<TestRun id="d8d82215-8fa0-47bd-9c88-7908a8db951b" name="60003350@RIMTMACMINI148642.local 2021-07-26T13:41:39.816Z" runUser="60003350" xmlns="http://microsoft.com/schemas/VisualStudio/TeamTest/2010">
  <TestSettings name="Jest test run" id="a75f4b7d-5cf0-4ea3-92ae-8db8a1061429"/>
  <Times creation="2021-07-26T13:41:39.816Z" queuing="2021-07-26T13:41:39.816Z" start="2021-07-26T13:41:39.816Z" finish="2021-07-26T13:41:39.816Z"/>
  <ResultSummary outcome="Failed">
    <Counters total="1" executed="1" passed="0" failed="1" error="0"/>
  </ResultSummary>
  <TestDefinitions>
    <UnitTest name="Teste / 01_Teste" id="8928af9f-3b47-427d-8120-3186b779c6f8">
      <Execution id="30b9f3da-950c-43a9-81da-456c603f94d1"/>
      <TestMethod codeBase="Jest_Teste / 01_Teste" name="Teste / 01_Teste" className="Teste"/>
    </UnitTest>
  </TestDefinitions>
  <TestLists>
    <TestList name="Results Not in a List" id="8c84fa94-04c1-424b-9868-57a2d4851a1d"/>
    <TestList name="All Loaded Results" id="19431567-8539-422a-85d7-44ee4e166bda"/>
  </TestLists>
  <TestEntries>
    <TestEntry testId="8928af9f-3b47-427d-8120-3186b779c6f8" executionId="30b9f3da-950c-43a9-81da-456c603f94d1" testListId="8c84fa94-04c1-424b-9868-57a2d4851a1d"/>
  </TestEntries>
  <Results>
    <UnitTestResult testId="8928af9f-3b47-427d-8120-3186b779c6f8" executionId="30b9f3da-950c-43a9-81da-456c603f94d1" testName="Teste / 01_Teste" computerName="RIMTMACMINI148642.local" duration="00:00:01.184" startTime="2021-07-26T13:41:40.605Z" endTime="2021-07-26T13:41:41.789Z" testType="13cdc9d9-ddb5-4fa4-a97d-d965ccfc6d4b" outcome="Failed" testListId="8c84fa94-04c1-424b-9868-57a2d4851a1d">
      <Output>
        <ErrorInfo>
          <Message>Error: getaddrinfo ENOTFOUND statement-microservice.cards.k8s-uat.bancomidway.io
    at GetAddrInfoReqWrap.onlookup [as oncomplete] (dns.js:66:26)</Message>
        </ErrorInfo>
      </Output>
    </UnitTestResult>
  </Results>
</TestRun>