<?xml version="1.0" encoding="UTF-8"?>
<TestRun id="b283d08f-fc8f-4f4b-9eff-ecd46a6a88a0" name="60003350@MFMTOUVNB139353.riachuelo.net 2021-07-19T19:53:06.748Z" runUser="60003350" xmlns="http://microsoft.com/schemas/VisualStudio/TeamTest/2010">
  <TestSettings name="Jest test run" id="ba04ff23-7de7-4580-9fc7-fdffd877df9c"/>
  <Times creation="2021-07-19T19:53:06.748Z" queuing="2021-07-19T19:53:06.748Z" start="2021-07-19T19:53:06.748Z" finish="2021-07-19T19:53:06.748Z"/>
  <ResultSummary outcome="Passed">
    <Counters total="1" executed="1" passed="1" failed="0" error="0"/>
  </ResultSummary>
  <TestDefinitions>
    <UnitTest name="Teste / 01_Teste" id="b55d4dae-a10e-46fb-947e-35882b90d1b2">
      <Execution id="650ac801-a5f2-4776-9088-4d54e3c9b16f"/>
      <TestMethod codeBase="Jest_Teste / 01_Teste" name="Teste / 01_Teste" className="Teste"/>
    </UnitTest>
  </TestDefinitions>
  <TestLists>
    <TestList name="Results Not in a List" id="8c84fa94-04c1-424b-9868-57a2d4851a1d"/>
    <TestList name="All Loaded Results" id="19431567-8539-422a-85d7-44ee4e166bda"/>
  </TestLists>
  <TestEntries>
    <TestEntry testId="b55d4dae-a10e-46fb-947e-35882b90d1b2" executionId="650ac801-a5f2-4776-9088-4d54e3c9b16f" testListId="8c84fa94-04c1-424b-9868-57a2d4851a1d"/>
  </TestEntries>
  <Results>
    <UnitTestResult testId="b55d4dae-a10e-46fb-947e-35882b90d1b2" executionId="650ac801-a5f2-4776-9088-4d54e3c9b16f" testName="Teste / 01_Teste" computerName="MFMTOUVNB139353.riachuelo.net" duration="00:00:03.563" startTime="2021-07-19T19:53:07.554Z" endTime="2021-07-19T19:53:11.117Z" testType="13cdc9d9-ddb5-4fa4-a97d-d965ccfc6d4b" outcome="Passed" testListId="8c84fa94-04c1-424b-9868-57a2d4851a1d"/>
  </Results>
</TestRun>