<?xml version="1.0" encoding="UTF-8"?>
<TestRun id="80f95f0d-8872-4718-9b50-00e85f8d1fd8" name="60003655@ARKMF68378 2021-07-21T14:49:37.226Z" runUser="60003655" xmlns="http://microsoft.com/schemas/VisualStudio/TeamTest/2010">
  <TestSettings name="Jest test run" id="82b82a12-ffdb-4b0f-8a49-e460e35a3b4f"/>
  <Times creation="2021-07-21T14:49:37.226Z" queuing="2021-07-21T14:49:37.226Z" start="2021-07-21T14:49:37.226Z" finish="2021-07-21T14:49:37.226Z"/>
  <ResultSummary outcome="Passed">
    <Counters total="1" executed="1" passed="1" failed="0" error="0"/>
  </ResultSummary>
  <TestDefinitions>
    <UnitTest name="Teste / 01_Teste" id="bfe0b495-7b01-4a74-818e-62c8479ecf95">
      <Execution id="f8996b20-3e7d-42da-8dc6-47ca70ad580b"/>
      <TestMethod codeBase="Jest_Teste / 01_Teste" name="Teste / 01_Teste" className="Teste"/>
    </UnitTest>
  </TestDefinitions>
  <TestLists>
    <TestList name="Results Not in a List" id="8c84fa94-04c1-424b-9868-57a2d4851a1d"/>
    <TestList name="All Loaded Results" id="19431567-8539-422a-85d7-44ee4e166bda"/>
  </TestLists>
  <TestEntries>
    <TestEntry testId="bfe0b495-7b01-4a74-818e-62c8479ecf95" executionId="f8996b20-3e7d-42da-8dc6-47ca70ad580b" testListId="8c84fa94-04c1-424b-9868-57a2d4851a1d"/>
  </TestEntries>
  <Results>
    <UnitTestResult testId="bfe0b495-7b01-4a74-818e-62c8479ecf95" executionId="f8996b20-3e7d-42da-8dc6-47ca70ad580b" testName="Teste / 01_Teste" computerName="ARKMF68378" duration="00:00:04.499" startTime="2021-07-21T14:49:38.979Z" endTime="2021-07-21T14:49:43.478Z" testType="13cdc9d9-ddb5-4fa4-a97d-d965ccfc6d4b" outcome="Passed" testListId="8c84fa94-04c1-424b-9868-57a2d4851a1d"/>
  </Results>
</TestRun>